<?xml version="1.0" encoding="UTF-8"?>
<!-- Generated by org.testng.reporters.JUnitReportReporter -->
<testsuite hostname="DESKTOP-CL8T34F" failures="0" tests="4" name="api.test.UserTests" time="4.314" errors="0" timestamp="2023-09-10T23:10:26 CDT" skipped="0">
  <testcase classname="api.test.UserTests" name="testPostUser" time="3.068"/>
  <system-out/>
  <testcase classname="api.test.UserTests" name="testgetUserByName" time="0.325"/>
  <system-out/>
  <testcase classname="api.test.UserTests" name="testPutUserByName" time="0.656"/>
  <system-out/>
  <testcase classname="api.test.UserTests" name="testdeleteUserByName" time="0.265"/>
  <system-out/>
</testsuite> <!-- api.test.UserTests -->
