<?xml version="1.0" encoding="UTF-8"?>
<!-- Generated by org.testng.reporters.JUnitReportReporter -->
<testsuite hostname="DESKTOP-CL8T34F" failures="0" tests="6" name="api.test.DDtest" time="4.511" errors="0" timestamp="2023-09-10T01:02:58 CDT" skipped="0">
  <testcase classname="api.test.DDtest" name="testPostUser" time="0.317"/>
  <system-out/>
  <testcase classname="api.test.DDtest" name="testPostUser" time="0.370"/>
  <system-out/>
  <testcase classname="api.test.DDtest" name="testPostUser" time="2.944"/>
  <system-out/>
  <testcase classname="api.test.DDtest" name="testDeleteUserByName" time="0.344"/>
  <system-out/>
  <testcase classname="api.test.DDtest" name="testDeleteUserByName" time="0.269"/>
  <system-out/>
  <testcase classname="api.test.DDtest" name="testDeleteUserByName" time="0.267"/>
  <system-out/>
</testsuite> <!-- api.test.DDtest -->
