<?xml version="1.0" encoding="UTF-8"?>
<!-- Generated by org.testng.reporters.JUnitReportReporter -->
<testsuite hostname="DESKTOP-CL8T34F" failures="0" tests="4" name="api.test.UserTests2" time="3.848" errors="0" timestamp="2023-09-12T17:51:52 CDT" skipped="0">
  <testcase classname="api.test.UserTests2" name="testPostUser" time="2.801"/>
  <system-out/>
  <testcase classname="api.test.UserTests2" name="testgetUserByName" time="0.260"/>
  <system-out/>
  <testcase classname="api.test.UserTests2" name="testPutUserByName" time="0.529"/>
  <system-out/>
  <testcase classname="api.test.UserTests2" name="testdeleteUserByName" time="0.258"/>
  <system-out/>
</testsuite> <!-- api.test.UserTests2 -->
