<?xml version="1.0" encoding="UTF-8"?>
<!-- Generated by org.testng.reporters.JUnitReportReporter -->
<testsuite hostname="DESKTOP-CL8T34F" failures="0" tests="4" name="api.test.UserTests2" time="3.811" errors="0" timestamp="2023-09-12T19:03:13 CDT" skipped="0">
  <testcase classname="api.test.UserTests2" name="testPostUser" time="2.810"/>
  <system-out/>
  <testcase classname="api.test.UserTests2" name="testgetUserByName" time="0.260"/>
  <system-out/>
  <testcase classname="api.test.UserTests2" name="testPutUserByName" time="0.490"/>
  <system-out/>
  <testcase classname="api.test.UserTests2" name="testdeleteUserByName" time="0.251"/>
  <system-out/>
</testsuite> <!-- api.test.UserTests2 -->
